#! /usr/bin/vvp
:ivl_version "10.3 (stable)";
:ivl_delay_selection "TYPICAL";
:vpi_time_precision - 10;
:vpi_module "system";
:vpi_module "vhdl_sys";
:vpi_module "v2005_math";
:vpi_module "va_math";
:vpi_module "v2009";
S_0x56358af48420 .scope module, "tb_ALU" "tb_ALU" 2 4;
 .timescale -9 -10;
L_0x7f6a20cc7060 .functor BUFT 1, C4<00000000000000000000000000000000>, C4<0>, C4<0>, C4<0>;
v0x56358af68a30_0 .net *"_s12", 31 0, L_0x7f6a20cc7060;  1 drivers
L_0x7f6a20cc7018 .functor BUFT 1, C4<0>, C4<0>, C4<0>, C4<0>;
v0x56358af68b30_0 .net *"_s7", 0 0, L_0x7f6a20cc7018;  1 drivers
v0x56358af68c10_0 .var "a", 63 0;
v0x56358af68cd0_0 .var "b", 63 0;
v0x56358af68db0_0 .net "isEqual", 0 0, L_0x56358af69060;  1 drivers
v0x56358af68ea0_0 .var "op", 3 0;
v0x56358af68f60_0 .net "result", 63 0, L_0x56358af69420;  1 drivers
L_0x56358af691f0 .part v0x56358af68c10_0, 0, 32;
L_0x56358af69290 .part v0x56358af68cd0_0, 0, 32;
L_0x56358af69330 .concat [ 4 1 0 0], v0x56358af68ea0_0, L_0x7f6a20cc7018;
L_0x56358af69420 .concat [ 32 32 0 0], v0x56358af68440_0, L_0x7f6a20cc7060;
S_0x56358af38550 .scope module, "alu" "ALU" 2 12, 3 1 0, S_0x56358af48420;
 .timescale 0 0;
    .port_info 0 /INPUT 32 "X"
    .port_info 1 /INPUT 32 "Y"
    .port_info 2 /INPUT 5 "OP"
    .port_info 3 /OUTPUT 32 "RESULT"
    .port_info 4 /OUTPUT 1 "isEqual"
L_0x56358af25150 .functor BUFZ 32, L_0x56358af691f0, C4<00000000000000000000000000000000>, C4<00000000000000000000000000000000>, C4<00000000000000000000000000000000>;
L_0x56358af251c0 .functor BUFZ 32, L_0x56358af69290, C4<00000000000000000000000000000000>, C4<00000000000000000000000000000000>, C4<00000000000000000000000000000000>;
v0x56358af38720_0 .net "OP", 4 0, L_0x56358af69330;  1 drivers
v0x56358af68440_0 .var "RESULT", 31 0;
v0x56358af68520_0 .net "X", 31 0, L_0x56358af691f0;  1 drivers
v0x56358af685e0_0 .net/s "X_signed", 31 0, L_0x56358af25150;  1 drivers
v0x56358af686c0_0 .net "Y", 31 0, L_0x56358af69290;  1 drivers
v0x56358af687f0_0 .net/s "Y_signed", 31 0, L_0x56358af251c0;  1 drivers
v0x56358af688d0_0 .net "isEqual", 0 0, L_0x56358af69060;  alias, 1 drivers
E_0x56358af33330/0 .event edge, v0x56358af38720_0, v0x56358af68520_0, v0x56358af686c0_0, v0x56358af685e0_0;
E_0x56358af33330/1 .event edge, v0x56358af687f0_0;
E_0x56358af33330 .event/or E_0x56358af33330/0, E_0x56358af33330/1;
L_0x56358af69060 .cmp/eq 32, L_0x56358af691f0, L_0x56358af69290;
    .scope S_0x56358af38550;
T_0 ;
    %wait E_0x56358af33330;
    %load/vec4 v0x56358af38720_0;
    %dup/vec4;
    %pushi/vec4 0, 0, 5;
    %cmp/u;
    %jmp/1 T_0.0, 6;
    %dup/vec4;
    %pushi/vec4 1, 0, 5;
    %cmp/u;
    %jmp/1 T_0.1, 6;
    %dup/vec4;
    %pushi/vec4 2, 0, 5;
    %cmp/u;
    %jmp/1 T_0.2, 6;
    %dup/vec4;
    %pushi/vec4 3, 0, 5;
    %cmp/u;
    %jmp/1 T_0.3, 6;
    %dup/vec4;
    %pushi/vec4 4, 0, 5;
    %cmp/u;
    %jmp/1 T_0.4, 6;
    %dup/vec4;
    %pushi/vec4 5, 0, 5;
    %cmp/u;
    %jmp/1 T_0.5, 6;
    %dup/vec4;
    %pushi/vec4 6, 0, 5;
    %cmp/u;
    %jmp/1 T_0.6, 6;
    %dup/vec4;
    %pushi/vec4 7, 0, 5;
    %cmp/u;
    %jmp/1 T_0.7, 6;
    %dup/vec4;
    %pushi/vec4 8, 0, 5;
    %cmp/u;
    %jmp/1 T_0.8, 6;
    %dup/vec4;
    %pushi/vec4 9, 0, 5;
    %cmp/u;
    %jmp/1 T_0.9, 6;
    %dup/vec4;
    %pushi/vec4 10, 0, 5;
    %cmp/u;
    %jmp/1 T_0.10, 6;
    %dup/vec4;
    %pushi/vec4 11, 0, 5;
    %cmp/u;
    %jmp/1 T_0.11, 6;
    %dup/vec4;
    %pushi/vec4 12, 0, 5;
    %cmp/u;
    %jmp/1 T_0.12, 6;
    %dup/vec4;
    %pushi/vec4 13, 0, 5;
    %cmp/u;
    %jmp/1 T_0.13, 6;
    %dup/vec4;
    %pushi/vec4 14, 0, 5;
    %cmp/u;
    %jmp/1 T_0.14, 6;
    %dup/vec4;
    %pushi/vec4 15, 0, 5;
    %cmp/u;
    %jmp/1 T_0.15, 6;
    %dup/vec4;
    %pushi/vec4 16, 0, 5;
    %cmp/u;
    %jmp/1 T_0.16, 6;
    %dup/vec4;
    %pushi/vec4 17, 0, 5;
    %cmp/u;
    %jmp/1 T_0.17, 6;
    %jmp T_0.18;
T_0.0 ;
    %load/vec4 v0x56358af68520_0;
    %load/vec4 v0x56358af686c0_0;
    %add;
    %assign/vec4 v0x56358af68440_0, 0;
    %jmp T_0.18;
T_0.1 ;
    %load/vec4 v0x56358af68520_0;
    %load/vec4 v0x56358af686c0_0;
    %sub;
    %assign/vec4 v0x56358af68440_0, 0;
    %jmp T_0.18;
T_0.2 ;
    %load/vec4 v0x56358af68520_0;
    %load/vec4 v0x56358af686c0_0;
    %and;
    %assign/vec4 v0x56358af68440_0, 0;
    %jmp T_0.18;
T_0.3 ;
    %load/vec4 v0x56358af68520_0;
    %load/vec4 v0x56358af686c0_0;
    %or;
    %assign/vec4 v0x56358af68440_0, 0;
    %jmp T_0.18;
T_0.4 ;
    %load/vec4 v0x56358af68520_0;
    %load/vec4 v0x56358af686c0_0;
    %xor;
    %assign/vec4 v0x56358af68440_0, 0;
    %jmp T_0.18;
T_0.5 ;
    %load/vec4 v0x56358af68520_0;
    %ix/getv 4, v0x56358af686c0_0;
    %shiftl 4;
    %assign/vec4 v0x56358af68440_0, 0;
    %jmp T_0.18;
T_0.6 ;
    %load/vec4 v0x56358af68520_0;
    %ix/getv 4, v0x56358af686c0_0;
    %shiftr 4;
    %assign/vec4 v0x56358af68440_0, 0;
    %jmp T_0.18;
T_0.7 ;
    %load/vec4 v0x56358af685e0_0;
    %ix/getv 4, v0x56358af686c0_0;
    %shiftr/s 4;
    %assign/vec4 v0x56358af68440_0, 0;
    %jmp T_0.18;
T_0.8 ;
    %load/vec4 v0x56358af685e0_0;
    %load/vec4 v0x56358af687f0_0;
    %cmp/s;
    %flag_mov 8, 5;
    %jmp/0 T_0.19, 8;
    %pushi/vec4 1, 0, 32;
    %jmp/1 T_0.20, 8;
T_0.19 ; End of true expr.
    %pushi/vec4 0, 0, 32;
    %jmp/0 T_0.20, 8;
 ; End of false expr.
    %blend;
T_0.20;
    %assign/vec4 v0x56358af68440_0, 0;
    %jmp T_0.18;
T_0.9 ;
    %load/vec4 v0x56358af68520_0;
    %load/vec4 v0x56358af686c0_0;
    %cmp/u;
    %flag_mov 8, 5;
    %jmp/0 T_0.21, 8;
    %pushi/vec4 1, 0, 32;
    %jmp/1 T_0.22, 8;
T_0.21 ; End of true expr.
    %pushi/vec4 0, 0, 32;
    %jmp/0 T_0.22, 8;
 ; End of false expr.
    %blend;
T_0.22;
    %assign/vec4 v0x56358af68440_0, 0;
    %jmp T_0.18;
T_0.10 ;
    %load/vec4 v0x56358af685e0_0;
    %load/vec4 v0x56358af687f0_0;
    %mul;
    %assign/vec4 v0x56358af68440_0, 0;
    %jmp T_0.18;
T_0.11 ;
    %load/vec4 v0x56358af685e0_0;
    %load/vec4 v0x56358af687f0_0;
    %mul;
    %assign/vec4 v0x56358af68440_0, 0;
    %jmp T_0.18;
T_0.12 ;
    %load/vec4 v0x56358af685e0_0;
    %load/vec4 v0x56358af686c0_0;
    %mul;
    %assign/vec4 v0x56358af68440_0, 0;
    %jmp T_0.18;
T_0.13 ;
    %load/vec4 v0x56358af68520_0;
    %load/vec4 v0x56358af686c0_0;
    %mul;
    %assign/vec4 v0x56358af68440_0, 0;
    %jmp T_0.18;
T_0.14 ;
    %load/vec4 v0x56358af685e0_0;
    %load/vec4 v0x56358af687f0_0;
    %div/s;
    %assign/vec4 v0x56358af68440_0, 0;
    %jmp T_0.18;
T_0.15 ;
    %load/vec4 v0x56358af68520_0;
    %load/vec4 v0x56358af686c0_0;
    %div;
    %assign/vec4 v0x56358af68440_0, 0;
    %jmp T_0.18;
T_0.16 ;
    %load/vec4 v0x56358af685e0_0;
    %load/vec4 v0x56358af687f0_0;
    %mod/s;
    %assign/vec4 v0x56358af68440_0, 0;
    %jmp T_0.18;
T_0.17 ;
    %load/vec4 v0x56358af68520_0;
    %load/vec4 v0x56358af686c0_0;
    %mod;
    %assign/vec4 v0x56358af68440_0, 0;
    %jmp T_0.18;
T_0.18 ;
    %pop/vec4 1;
    %jmp T_0;
    .thread T_0, $push;
    .scope S_0x56358af48420;
T_1 ;
    %pushi/vec4 5, 0, 64;
    %store/vec4 v0x56358af68c10_0, 0, 64;
    %pushi/vec4 5, 0, 64;
    %store/vec4 v0x56358af68cd0_0, 0, 64;
    %pushi/vec4 0, 0, 4;
    %store/vec4 v0x56358af68ea0_0, 0, 4;
    %delay 200, 0;
    %vpi_call/w 2 17 "$display", "a = %d, b = %d, op = %d, result = %d, isEqual = %d", v0x56358af68c10_0, v0x56358af68cd0_0, v0x56358af68ea0_0, v0x56358af68f60_0, v0x56358af68db0_0 {0 0 0};
    %pushi/vec4 66, 0, 64;
    %store/vec4 v0x56358af68c10_0, 0, 64;
    %pushi/vec4 11, 0, 64;
    %store/vec4 v0x56358af68cd0_0, 0, 64;
    %pushi/vec4 1, 0, 4;
    %store/vec4 v0x56358af68ea0_0, 0, 4;
    %delay 200, 0;
    %vpi_call/w 2 20 "$display", "a = %d, b = %d, op = %d, result = %d, isEqual = %d", v0x56358af68c10_0, v0x56358af68cd0_0, v0x56358af68ea0_0, v0x56358af68f60_0, v0x56358af68db0_0 {0 0 0};
    %pushi/vec4 5, 0, 64;
    %store/vec4 v0x56358af68c10_0, 0, 64;
    %pushi/vec4 6, 0, 64;
    %store/vec4 v0x56358af68cd0_0, 0, 64;
    %pushi/vec4 2, 0, 4;
    %store/vec4 v0x56358af68ea0_0, 0, 4;
    %delay 200, 0;
    %vpi_call/w 2 23 "$display", "a = %d, b = %d, op = %d, result = %d, isEqual = %d", v0x56358af68c10_0, v0x56358af68cd0_0, v0x56358af68ea0_0, v0x56358af68f60_0, v0x56358af68db0_0 {0 0 0};
    %pushi/vec4 5, 0, 64;
    %store/vec4 v0x56358af68c10_0, 0, 64;
    %pushi/vec4 6, 0, 64;
    %store/vec4 v0x56358af68cd0_0, 0, 64;
    %pushi/vec4 3, 0, 4;
    %store/vec4 v0x56358af68ea0_0, 0, 4;
    %delay 200, 0;
    %vpi_call/w 2 26 "$display", "a = %d, b = %d, op = %d, result = %d, isEqual = %d", v0x56358af68c10_0, v0x56358af68cd0_0, v0x56358af68ea0_0, v0x56358af68f60_0, v0x56358af68db0_0 {0 0 0};
    %pushi/vec4 6, 0, 64;
    %store/vec4 v0x56358af68c10_0, 0, 64;
    %pushi/vec4 2, 0, 64;
    %store/vec4 v0x56358af68cd0_0, 0, 64;
    %pushi/vec4 4, 0, 4;
    %store/vec4 v0x56358af68ea0_0, 0, 4;
    %delay 200, 0;
    %vpi_call/w 2 29 "$display", "a = %d, b = %d, op = %d, result = %d, isEqual = %d", v0x56358af68c10_0, v0x56358af68cd0_0, v0x56358af68ea0_0, v0x56358af68f60_0, v0x56358af68db0_0 {0 0 0};
    %pushi/vec4 1, 0, 64;
    %store/vec4 v0x56358af68c10_0, 0, 64;
    %pushi/vec4 3, 0, 64;
    %store/vec4 v0x56358af68cd0_0, 0, 64;
    %pushi/vec4 5, 0, 4;
    %store/vec4 v0x56358af68ea0_0, 0, 4;
    %delay 200, 0;
    %vpi_call/w 2 32 "$display", "a = %d, b = %d, op = %d, result = %d, isEqual = %d", v0x56358af68c10_0, v0x56358af68cd0_0, v0x56358af68ea0_0, v0x56358af68f60_0, v0x56358af68db0_0 {0 0 0};
    %pushi/vec4 8, 0, 64;
    %store/vec4 v0x56358af68c10_0, 0, 64;
    %pushi/vec4 2, 0, 64;
    %store/vec4 v0x56358af68cd0_0, 0, 64;
    %pushi/vec4 6, 0, 4;
    %store/vec4 v0x56358af68ea0_0, 0, 4;
    %delay 200, 0;
    %vpi_call/w 2 35 "$display", "a = %d, b = %d, op = %d, result = %d, isEqual = %d", v0x56358af68c10_0, v0x56358af68cd0_0, v0x56358af68ea0_0, v0x56358af68f60_0, v0x56358af68db0_0 {0 0 0};
    %pushi/vec4 4294967295, 0, 32;
    %concati/vec4 4294967288, 0, 32;
    %store/vec4 v0x56358af68c10_0, 0, 64;
    %pushi/vec4 2, 0, 64;
    %store/vec4 v0x56358af68cd0_0, 0, 64;
    %pushi/vec4 7, 0, 4;
    %store/vec4 v0x56358af68ea0_0, 0, 4;
    %delay 200, 0;
    %vpi_call/w 2 38 "$display", "a = %d, b = %d, op = %d, result = %d, isEqual = %d", v0x56358af68c10_0, v0x56358af68cd0_0, v0x56358af68ea0_0, v0x56358af68f60_0, v0x56358af68db0_0 {0 0 0};
    %pushi/vec4 4294967295, 0, 32;
    %concati/vec4 4294967295, 0, 32;
    %store/vec4 v0x56358af68c10_0, 0, 64;
    %pushi/vec4 9, 0, 64;
    %store/vec4 v0x56358af68cd0_0, 0, 64;
    %pushi/vec4 8, 0, 4;
    %store/vec4 v0x56358af68ea0_0, 0, 4;
    %delay 200, 0;
    %vpi_call/w 2 41 "$display", "a = %d, b = %d, op = %d, result = %d, isEqual = %d", v0x56358af68c10_0, v0x56358af68cd0_0, v0x56358af68ea0_0, v0x56358af68f60_0, v0x56358af68db0_0 {0 0 0};
    %pushi/vec4 4294967295, 0, 32;
    %concati/vec4 4294967295, 0, 32;
    %store/vec4 v0x56358af68c10_0, 0, 64;
    %pushi/vec4 9, 0, 64;
    %store/vec4 v0x56358af68cd0_0, 0, 64;
    %pushi/vec4 9, 0, 4;
    %store/vec4 v0x56358af68ea0_0, 0, 4;
    %delay 200, 0;
    %vpi_call/w 2 44 "$display", "a = %d, b = %d, op = %d, result = %d, isEqual = %d", v0x56358af68c10_0, v0x56358af68cd0_0, v0x56358af68ea0_0, v0x56358af68f60_0, v0x56358af68db0_0 {0 0 0};
    %pushi/vec4 6, 0, 64;
    %store/vec4 v0x56358af68c10_0, 0, 64;
    %pushi/vec4 5, 0, 64;
    %store/vec4 v0x56358af68cd0_0, 0, 64;
    %pushi/vec4 10, 0, 4;
    %store/vec4 v0x56358af68ea0_0, 0, 4;
    %delay 200, 0;
    %vpi_call/w 2 47 "$display", "a = %d, b = %d, op = %d, result = %d, isEqual = %d", v0x56358af68c10_0, v0x56358af68cd0_0, v0x56358af68ea0_0, v0x56358af68f60_0, v0x56358af68db0_0 {0 0 0};
    %pushi/vec4 6, 0, 64;
    %store/vec4 v0x56358af68c10_0, 0, 64;
    %pushi/vec4 5, 0, 64;
    %store/vec4 v0x56358af68cd0_0, 0, 64;
    %pushi/vec4 11, 0, 4;
    %store/vec4 v0x56358af68ea0_0, 0, 4;
    %delay 200, 0;
    %vpi_call/w 2 50 "$display", "a = %d, b = %d, op = %d, result = %d, isEqual = %d", v0x56358af68c10_0, v0x56358af68cd0_0, v0x56358af68ea0_0, v0x56358af68f60_0, v0x56358af68db0_0 {0 0 0};
    %pushi/vec4 6, 0, 64;
    %store/vec4 v0x56358af68c10_0, 0, 64;
    %pushi/vec4 5, 0, 64;
    %store/vec4 v0x56358af68cd0_0, 0, 64;
    %pushi/vec4 12, 0, 4;
    %store/vec4 v0x56358af68ea0_0, 0, 4;
    %delay 200, 0;
    %vpi_call/w 2 53 "$display", "a = %d, b = %d, op = %d, result = %d, isEqual = %d", v0x56358af68c10_0, v0x56358af68cd0_0, v0x56358af68ea0_0, v0x56358af68f60_0, v0x56358af68db0_0 {0 0 0};
    %pushi/vec4 6, 0, 64;
    %store/vec4 v0x56358af68c10_0, 0, 64;
    %pushi/vec4 5, 0, 64;
    %store/vec4 v0x56358af68cd0_0, 0, 64;
    %pushi/vec4 13, 0, 4;
    %store/vec4 v0x56358af68ea0_0, 0, 4;
    %delay 200, 0;
    %vpi_call/w 2 56 "$display", "a = %d, b = %d, op = %d, result = %d, isEqual = %d", v0x56358af68c10_0, v0x56358af68cd0_0, v0x56358af68ea0_0, v0x56358af68f60_0, v0x56358af68db0_0 {0 0 0};
    %pushi/vec4 6, 0, 64;
    %store/vec4 v0x56358af68c10_0, 0, 64;
    %pushi/vec4 5, 0, 64;
    %store/vec4 v0x56358af68cd0_0, 0, 64;
    %pushi/vec4 14, 0, 4;
    %store/vec4 v0x56358af68ea0_0, 0, 4;
    %delay 200, 0;
    %vpi_call/w 2 59 "$display", "a = %d, b = %d, op = %d, result = %d, isEqual = %d", v0x56358af68c10_0, v0x56358af68cd0_0, v0x56358af68ea0_0, v0x56358af68f60_0, v0x56358af68db0_0 {0 0 0};
    %pushi/vec4 6, 0, 64;
    %store/vec4 v0x56358af68c10_0, 0, 64;
    %pushi/vec4 5, 0, 64;
    %store/vec4 v0x56358af68cd0_0, 0, 64;
    %pushi/vec4 15, 0, 4;
    %store/vec4 v0x56358af68ea0_0, 0, 4;
    %delay 200, 0;
    %vpi_call/w 2 62 "$display", "a = %d, b = %d, op = %d, result = %d, isEqual = %d", v0x56358af68c10_0, v0x56358af68cd0_0, v0x56358af68ea0_0, v0x56358af68f60_0, v0x56358af68db0_0 {0 0 0};
    %pushi/vec4 6, 0, 64;
    %store/vec4 v0x56358af68c10_0, 0, 64;
    %pushi/vec4 5, 0, 64;
    %store/vec4 v0x56358af68cd0_0, 0, 64;
    %pushi/vec4 0, 0, 4;
    %store/vec4 v0x56358af68ea0_0, 0, 4;
    %delay 200, 0;
    %vpi_call/w 2 65 "$display", "a = %d, b = %d, op = %d, result = %d, isEqual = %d", v0x56358af68c10_0, v0x56358af68cd0_0, v0x56358af68ea0_0, v0x56358af68f60_0, v0x56358af68db0_0 {0 0 0};
    %pushi/vec4 6, 0, 64;
    %store/vec4 v0x56358af68c10_0, 0, 64;
    %pushi/vec4 5, 0, 64;
    %store/vec4 v0x56358af68cd0_0, 0, 64;
    %pushi/vec4 1, 0, 4;
    %store/vec4 v0x56358af68ea0_0, 0, 4;
    %delay 200, 0;
    %vpi_call/w 2 68 "$display", "a = %d, b = %d, op = %d, result = %d, isEqual = %d", v0x56358af68c10_0, v0x56358af68cd0_0, v0x56358af68ea0_0, v0x56358af68f60_0, v0x56358af68db0_0 {0 0 0};
    %end;
    .thread T_1;
# The file index is used to find the file name in the following table.
:file_names 4;
    "N/A";
    "<interactive>";
    "tb_ALU.v";
    "../src//ALU.v";
